<?xml version="1.0" encoding="UTF-8"?>
<!-- Generated by org.testng.reporters.JUnitXMLReporter -->
<testsuite hostname="Abhi" ignored="1" name="Test" tests="2" failures="1" timestamp="2023-01-05T09:33:11 IST" time="95.664" errors="0">
  <testcase name="actiLoginScript" time="30.856" classname="scripts.p1">
    <failure type="java.lang.AssertionError" message="null">
      <![CDATA[java.lang.AssertionError: null
at generic.actionUtil.validateTitle(actionUtil.java:50)
at scripts.p1.actiLoginScript(p1.java:17)
at java.util.ArrayList.forEach(Unknown Source)
... Removed 29 stack frames]]>
    </failure>
  </testcase> <!-- actiLoginScript -->
  <testcase name="addUserScript" time="16.169" classname="scripts.p2"/>
  <testcase name="@AfterSuite killDriver" time="0.0" classname="generic.basetest">
    <ignored/>
  </testcase> <!-- @AfterSuite killDriver -->
</testsuite> <!-- Test -->
